TN:
SF:/Users/merlinreichwald/Workspace/modules/@rocketbase/vue-skeleton-key/src/instances.ts
FNF:0
FNH:0
DA:8,1
LF:1
LH:1
BRF:0
BRH:0
end_of_record
TN:
SF:/Users/merlinreichwald/Workspace/modules/@rocketbase/vue-skeleton-key/src/main.ts
FNF:0
FNH:0
DA:4,0
DA:5,0
LF:2
LH:0
BRF:0
BRH:0
end_of_record
TN:
SF:/Users/merlinreichwald/Workspace/modules/@rocketbase/vue-skeleton-key/src/vue-skeleton-key-auth.ts
FN:12,(anonymous_0)
FN:14,(anonymous_1)
FN:16,(anonymous_2)
FNF:3
FNH:3
FNDA:1,(anonymous_0)
FNDA:1,(anonymous_1)
FNDA:1,(anonymous_2)
DA:1,1
DA:2,1
DA:4,1
DA:11,1
DA:12,1
DA:13,1
DA:14,1
DA:15,1
DA:16,1
DA:17,1
LF:10
LH:10
BRDA:12,0,0,1
BRDA:12,0,1,0
BRDA:12,0,2,1
BRDA:12,1,0,0
BRDA:12,1,1,1
BRDA:12,2,0,1
BRDA:12,2,1,1
BRDA:14,3,0,1
BRDA:14,3,1,0
BRDA:14,3,2,1
BRDA:14,4,0,1
BRDA:14,4,1,0
BRDA:14,5,0,1
BRDA:14,5,1,1
BRDA:14,6,0,0
BRDA:14,6,1,1
BRDA:14,7,0,1
BRDA:14,7,1,1
BRDA:16,8,0,1
BRDA:16,8,1,0
BRDA:16,8,2,1
BRDA:16,9,0,1
BRDA:16,9,1,0
BRDA:16,10,0,1
BRDA:16,10,1,1
BRDA:16,11,0,0
BRDA:16,11,1,1
BRDA:16,12,0,1
BRDA:16,12,1,1
BRF:29
BRH:21
end_of_record
TN:
SF:/Users/merlinreichwald/Workspace/modules/@rocketbase/vue-skeleton-key/src/vue-skeleton-key.ts
FN:32,VueSkeletonKey
FN:44,(anonymous_1)
FN:46,(anonymous_2)
FN:54,(anonymous_3)
FN:57,(anonymous_4)
FN:58,(anonymous_5)
FNF:6
FNH:6
FNDA:1,VueSkeletonKey
FNDA:23,(anonymous_1)
FNDA:2,(anonymous_2)
FNDA:4,(anonymous_3)
FNDA:4,(anonymous_4)
FNDA:2,(anonymous_5)
DA:2,1
DA:3,1
DA:4,1
DA:32,1
DA:37,1
DA:38,1
DA:39,1
DA:42,1
DA:45,23
DA:47,2
DA:48,1
DA:54,4
DA:57,1
DA:58,4
DA:59,2
DA:60,2
DA:61,2
DA:62,2
DA:63,2
DA:68,1
LF:20
LH:20
BRDA:47,0,0,1
BRDA:47,0,1,1
BRDA:48,1,0,1
BRDA:48,1,1,0
BRDA:59,2,0,2
BRDA:59,2,1,0
BRDA:60,3,0,0
BRDA:60,3,1,2
BRDA:61,4,0,0
BRDA:61,4,1,2
BRDA:62,5,0,0
BRDA:62,5,1,2
BRF:12
BRH:7
end_of_record
