TN:
SF:/Users/merlinreichwald/Workspace/modules/@rocketbase/vue-skeleton-key/src/instances.ts
FNF:0
FNH:0
DA:8,2
LF:1
LH:1
BRF:0
BRH:0
end_of_record
TN:
SF:/Users/merlinreichwald/Workspace/modules/@rocketbase/vue-skeleton-key/src/link-properties.ts
FN:8,linkProperties
FN:11,(anonymous_1)
FN:13,(anonymous_2)
FNF:3
FNH:2
FNDA:1,linkProperties
FNDA:23,(anonymous_1)
FNDA:0,(anonymous_2)
DA:8,2
DA:9,1
DA:12,23
DA:14,0
DA:15,0
LF:5
LH:3
BRDA:14,0,0,0
BRDA:14,0,1,0
BRDA:15,1,0,0
BRDA:15,1,1,0
BRF:4
BRH:0
end_of_record
TN:
SF:/Users/merlinreichwald/Workspace/modules/@rocketbase/vue-skeleton-key/src/main.ts
FNF:0
FNH:0
DA:4,1
DA:5,1
LF:2
LH:2
BRF:0
BRH:0
end_of_record
TN:
SF:/Users/merlinreichwald/Workspace/modules/@rocketbase/vue-skeleton-key/src/vue-skeleton-key-auth.ts
FN:13,(anonymous_0)
FN:17,(anonymous_1)
FN:22,(anonymous_2)
FNF:3
FNH:3
FNDA:1,(anonymous_0)
FNDA:1,(anonymous_1)
FNDA:1,(anonymous_2)
DA:1,2
DA:2,2
DA:4,2
DA:11,2
DA:13,1
DA:15,2
DA:18,1
DA:20,2
DA:23,1
DA:27,2
LF:10
LH:10
BRDA:13,0,0,1
BRDA:13,0,1,0
BRDA:13,0,2,1
BRDA:13,1,0,0
BRDA:13,1,1,1
BRDA:13,2,0,1
BRDA:13,2,1,1
BRDA:18,3,0,1
BRDA:18,3,1,0
BRDA:18,3,2,1
BRDA:18,4,0,1
BRDA:18,4,1,0
BRDA:18,5,0,1
BRDA:18,5,1,1
BRDA:18,6,0,0
BRDA:18,6,1,1
BRDA:18,7,0,1
BRDA:18,7,1,1
BRDA:23,8,0,1
BRDA:23,8,1,0
BRDA:23,8,2,1
BRDA:23,9,0,1
BRDA:23,9,1,0
BRDA:23,10,0,1
BRDA:23,10,1,1
BRDA:23,11,0,0
BRDA:23,11,1,1
BRDA:23,12,0,1
BRDA:23,12,1,1
BRF:29
BRH:21
end_of_record
TN:
SF:/Users/merlinreichwald/Workspace/modules/@rocketbase/vue-skeleton-key/src/vue-skeleton-key.ts
FN:33,VueSkeletonKey
FN:47,(anonymous_1)
FN:51,(anonymous_2)
FN:52,(anonymous_3)
FNF:4
FNH:4
FNDA:1,VueSkeletonKey
FNDA:3,(anonymous_1)
FNDA:4,(anonymous_2)
FNDA:2,(anonymous_3)
DA:2,2
DA:3,2
DA:4,2
DA:5,2
DA:33,2
DA:38,1
DA:39,1
DA:40,1
DA:43,1
DA:46,1
DA:47,3
DA:51,1
DA:52,4
DA:53,2
DA:54,2
DA:55,2
DA:56,2
DA:57,2
DA:62,1
LF:19
LH:19
BRDA:53,0,0,2
BRDA:53,0,1,0
BRDA:54,1,0,0
BRDA:54,1,1,2
BRDA:55,2,0,0
BRDA:55,2,1,2
BRDA:56,3,0,0
BRDA:56,3,1,2
BRF:8
BRH:4
end_of_record
